<?xml version="1.0" encoding="UTF-8"?>
<testsuite xmlns:xsi="http://www.w3.org/2001/XMLSchema-instance" xsi:noNamespaceSchemaLocation="https://maven.apache.org/surefire/maven-surefire-plugin/xsd/surefire-test-report-3.0.xsd" version="3.0" name="com.abdoultech.demo.MediatechApplicationTests" time="5.433" tests="1" errors="0" skipped="0" failures="0">
  <properties>
[...]
</properties>
  <testcase name="contextLoads" classname="com.abdoultech.demo.MediatechApplicationTests" time="0.454">
    <system-out><![CDATA[11:39:24.345 [main] INFO org.springframework.test.context.support.AnnotationConfigContextLoaderUtils -- Could not detect default configuration classes for test class [com.abdoultech.demo.MediatechApplicationTests]: MediatechApplicationTests does not declare any static, non-private, non-final, nested classes annotated with @Configuration.
11:39:24.454 [main] INFO org.springframework.boot.test.context.SpringBootTestContextBootstrapper -- Found @SpringBootConfiguration com.abdoultech.demo.MediatechApplication for test class com.abdoultech.demo.MediatechApplicationTests

  .   ____          _            __ _ _
 /\\ / ___'_ __ _ _(_)_ __  __ _ \ \ \ \
( ( )\___ | '_ | '_| | '_ \/ _` | \ \ \ \
 \\/  ___)| |_)| | | | | || (_| |  ) ) ) )
  '  |____| .__|_| |_|_| |_\__, | / / / /
 =========|_|==============|___/=/_/_/_/
 :: Spring Boot ::                (v3.2.0)

2024-01-09T11:39:24.896Z  INFO 15060 --- [           main] c.a.demo.MediatechApplicationTests       : Starting MediatechApplicationTests using Java 17.0.7 with PID 15060 (started by hp in E:\ABDOUL\JAVA\SPRING BOOT\demo1)
2024-01-09T11:39:24.898Z  INFO 15060 --- [           main] c.a.demo.MediatechApplicationTests       : No active profile set, falling back to 1 default profile: "default"
2024-01-09T11:39:25.650Z  INFO 15060 --- [           main] .s.d.r.c.RepositoryConfigurationDelegate : Bootstrapping Spring Data JPA repositories in DEFAULT mode.
2024-01-09T11:39:25.730Z  INFO 15060 --- [           main] .s.d.r.c.RepositoryConfigurationDelegate : Finished Spring Data repository scanning in 62 ms. Found 2 JPA repository interfaces.
2024-01-09T11:39:26.219Z  INFO 15060 --- [           main] o.hibernate.jpa.internal.util.LogHelper  : HHH000204: Processing PersistenceUnitInfo [name: default]
2024-01-09T11:39:26.275Z  INFO 15060 --- [           main] org.hibernate.Version                    : HHH000412: Hibernate ORM core version 6.3.1.Final
2024-01-09T11:39:26.312Z  INFO 15060 --- [           main] o.h.c.internal.RegionFactoryInitiator    : HHH000026: Second-level cache disabled
2024-01-09T11:39:26.588Z  INFO 15060 --- [           main] o.s.o.j.p.SpringPersistenceUnitInfo      : No LoadTimeWeaver setup: ignoring JPA class transformer
2024-01-09T11:39:26.619Z  INFO 15060 --- [           main] com.zaxxer.hikari.HikariDataSource       : HikariPool-1 - Starting...
2024-01-09T11:39:26.902Z  INFO 15060 --- [           main] com.zaxxer.hikari.pool.HikariPool        : HikariPool-1 - Added connection org.postgresql.jdbc.PgConnection@55c50f52
2024-01-09T11:39:26.904Z  INFO 15060 --- [           main] com.zaxxer.hikari.HikariDataSource       : HikariPool-1 - Start completed.
2024-01-09T11:39:26.934Z  WARN 15060 --- [           main] org.hibernate.orm.deprecation            : HHH90000025: PostgreSQLDialect does not need to be specified explicitly using 'hibernate.dialect' (remove the property setting and it will be selected by default)
2024-01-09T11:39:27.288Z  WARN 15060 --- [           main] org.hibernate.mapping.RootClass          : HHH000038: Composite-id class does not override equals(): com.abdoultech.demo.models.LigneFactureKey
2024-01-09T11:39:27.289Z  WARN 15060 --- [           main] org.hibernate.mapping.RootClass          : HHH000039: Composite-id class does not override hashCode(): com.abdoultech.demo.models.LigneFactureKey
2024-01-09T11:39:27.927Z  INFO 15060 --- [           main] o.h.e.t.j.p.i.JtaPlatformInitiator       : HHH000489: No JTA platform available (set 'hibernate.transaction.jta.platform' to enable JTA platform integration)
Hibernate: 
    create table clients (
        id serial not null,
        nom varchar(255) not null,
        prenom varchar(255) not null,
        client_telephone varchar(255),
        primary key (id)
    )
Hibernate: 
    create table factures (
        id integer not null,
        date_creation_facture timestamp(6) not null,
        ref varchar(255) not null,
        client_id integer,
        primary key (id)
    )
Hibernate: 
    create table ligne_facture (
        quantite float(53) not null,
        facture_id integer not null,
        produit_id integer not null,
        primary key (facture_id, produit_id)
    )
Hibernate: 
    create table produits (
        id integer not null,
        libelle varchar(255) not null,
        prix numeric(38,2) not null,
        quantite_stock float(53) not null,
        ref varchar(255) not null,
        primary key (id)
    )
Hibernate: 
    create table profiles (
        id integer not null,
        avatar varchar(255),
        telephone varchar(255),
        user_id integer,
        primary key (id)
    )
Hibernate: 
    create table roles (
        role_id integer not null,
        name varchar(255) not null,
        primary key (role_id)
    )
Hibernate: 
    create table roles_users (
        role_entity_role_id integer not null,
        users_user_id integer not null
    )
Hibernate: 
    create table users (
        user_id integer not null,
        password varchar(255) not null,
        username varchar(255) not null,
        primary key (user_id)
    )
Hibernate: 
    create table users_roles (
        user_entity_user_id integer not null,
        roles_role_id integer not null
    )
Hibernate: 
    alter table if exists profiles 
       drop constraint if exists UK_4ixsj6aqve5pxrbw2u0oyk8bb
2024-01-09T11:39:28.140Z  WARN 15060 --- [           main] o.h.engine.jdbc.spi.SqlExceptionHelper   : SQL Warning Code: 0, SQLState: 00000
2024-01-09T11:39:28.141Z  WARN 15060 --- [           main] o.h.engine.jdbc.spi.SqlExceptionHelper   : la contrainte « uk_4ixsj6aqve5pxrbw2u0oyk8bb » de la relation « profiles » n'existe pas, ignore
Hibernate: 
    alter table if exists profiles 
       add constraint UK_4ixsj6aqve5pxrbw2u0oyk8bb unique (user_id)
Hibernate: 
    create sequence profiles_seq start with 1 increment by 50
Hibernate: 
    create sequence users_seq start with 1 increment by 50
Hibernate: 
    alter table if exists factures 
       add constraint FKakoqi8cpfxab6j16clvdjuldi 
       foreign key (client_id) 
       references clients
Hibernate: 
    alter table if exists ligne_facture 
       add constraint FK3nx90a82yt70ihws2u2hxwh2f 
       foreign key (facture_id) 
       references factures
Hibernate: 
    alter table if exists ligne_facture 
       add constraint FK6o7nbh7wbc1gww9p3rtulu78q 
       foreign key (produit_id) 
       references produits
Hibernate: 
    alter table if exists profiles 
       add constraint FK410q61iev7klncmpqfuo85ivh 
       foreign key (user_id) 
       references users
Hibernate: 
    alter table if exists roles_users 
       add constraint FKi2nrp9i4isa7un5d4jkuy0c30 
       foreign key (users_user_id) 
       references users
Hibernate: 
    alter table if exists roles_users 
       add constraint FK510f9j86wi0te81w4x09sd9jr 
       foreign key (role_entity_role_id) 
       references roles
Hibernate: 
    alter table if exists users_roles 
       add constraint FKtgou1kvdhyryu3fia6uu1fhoi 
       foreign key (roles_role_id) 
       references roles
Hibernate: 
    alter table if exists users_roles 
       add constraint FKbgxdad7cyo2u7c8kqt4waorm1 
       foreign key (user_entity_user_id) 
       references users
2024-01-09T11:39:28.172Z  INFO 15060 --- [           main] j.LocalContainerEntityManagerFactoryBean : Initialized JPA EntityManagerFactory for persistence unit 'default'
2024-01-09T11:39:28.773Z  WARN 15060 --- [           main] JpaBaseConfiguration$JpaWebConfiguration : spring.jpa.open-in-view is enabled by default. Therefore, database queries may be performed during view rendering. Explicitly configure spring.jpa.open-in-view to disable this warning
2024-01-09T11:39:29.140Z  INFO 15060 --- [           main] c.a.demo.MediatechApplicationTests       : Started MediatechApplicationTests in 4.532 seconds (process running for 5.533)
]]></system-out>
  </testcase>
</testsuite>